                             latency        interval
transaction       0:               4               2
transaction       1:               3               1
transaction       2:               3               1
transaction       3:               3               1
transaction       4:               3               1
transaction       5:               3               1
transaction       6:               3               1
transaction       7:               3               1
transaction       8:               3               1
transaction       9:               3               1
transaction      10:               3               1
transaction      11:               3               1
transaction      12:               3               1
transaction      13:               3               1
transaction      14:               3               1
transaction      15:               3               1
transaction      16:               3               1
transaction      17:               3               1
transaction      18:               3               1
transaction      19:               3               1
transaction      20:               3               1
transaction      21:               3               1
transaction      22:               3               1
transaction      23:               3               1
transaction      24:               3               1
transaction      25:               3               1
transaction      26:               3               1
transaction      27:               3               1
transaction      28:               3               1
transaction      29:               3               1
transaction      30:               3               1
transaction      31:               3               1
transaction      32:               3               1
transaction      33:               3               1
transaction      34:               3               1
transaction      35:               3               1
transaction      36:               3               1
transaction      37:               3               1
transaction      38:               3               1
transaction      39:               3               1
transaction      40:               3               1
transaction      41:               3               1
transaction      42:               3               1
transaction      43:               3               1
transaction      44:               3               1
transaction      45:               3               1
transaction      46:               3               1
transaction      47:               3               1
transaction      48:               3               1
transaction      49:               3               1
transaction      50:               3               1
transaction      51:               3               1
transaction      52:               3               1
transaction      53:               3               1
transaction      54:               3               1
transaction      55:               3               1
transaction      56:               3               1
transaction      57:               3               1
transaction      58:               3               1
transaction      59:               3               1
transaction      60:               3               1
transaction      61:               3               1
transaction      62:               3               1
transaction      63:               3               1
transaction      64:               3               1
transaction      65:               3               1
transaction      66:               3               1
transaction      67:               3               1
transaction      68:               3               1
transaction      69:               3               1
transaction      70:               3               1
transaction      71:               3               1
transaction      72:               3               1
transaction      73:               3               1
transaction      74:               3               1
transaction      75:               3               1
transaction      76:               3               1
transaction      77:               3               1
transaction      78:               3               1
transaction      79:               3               1
transaction      80:               3               1
transaction      81:               3               1
transaction      82:               3               1
transaction      83:               3               1
transaction      84:               3               1
transaction      85:               3               1
transaction      86:               3               1
transaction      87:               3               1
transaction      88:               3               1
transaction      89:               3               1
transaction      90:               3               1
transaction      91:               3               1
transaction      92:               3               1
transaction      93:               3               1
transaction      94:               3               1
transaction      95:               3               1
transaction      96:               3               1
transaction      97:               3               1
transaction      98:               3               1
transaction      99:               3               1
transaction     100:               3               1
transaction     101:               3               1
transaction     102:               3               1
transaction     103:               3               1
transaction     104:               3               1
transaction     105:               3               1
transaction     106:               3               1
transaction     107:               3               1
transaction     108:               3               1
transaction     109:               3               1
transaction     110:               3               1
transaction     111:               3               1
transaction     112:               3               1
transaction     113:               3               1
transaction     114:               3               1
transaction     115:               3               1
transaction     116:               3               1
transaction     117:               3               1
transaction     118:               3               1
transaction     119:               3               1
transaction     120:               3               1
transaction     121:               3               1
transaction     122:               3               1
transaction     123:               3               1
transaction     124:               3               1
transaction     125:               3               1
transaction     126:               3               1
transaction     127:               3               1
transaction     128:               3               1
transaction     129:               3               1
transaction     130:               3               1
transaction     131:               3               1
transaction     132:               3               1
transaction     133:               3               1
transaction     134:               3               1
transaction     135:               3               1
transaction     136:               3               1
transaction     137:               3               1
transaction     138:               3               1
transaction     139:               3               1
transaction     140:               3               1
transaction     141:               3               1
transaction     142:               3               1
transaction     143:               3               1
transaction     144:               3               1
transaction     145:               3               1
transaction     146:               3               1
transaction     147:               3               1
transaction     148:               3               1
transaction     149:               3               1
transaction     150:               3               1
transaction     151:               3               1
transaction     152:               3               1
transaction     153:               3               1
transaction     154:               3               1
transaction     155:               3               1
transaction     156:               3               1
transaction     157:               3               1
transaction     158:               3               1
transaction     159:               3               1
transaction     160:               3               1
transaction     161:               3               1
transaction     162:               3               1
transaction     163:               3               1
transaction     164:               3               1
transaction     165:               3               1
transaction     166:               3               1
transaction     167:               3               1
transaction     168:               3               1
transaction     169:               3               1
transaction     170:               3               1
transaction     171:               3               1
transaction     172:               3               1
transaction     173:               3               1
transaction     174:               3               1
transaction     175:               3               1
transaction     176:               3               1
transaction     177:               3               1
transaction     178:               3               1
transaction     179:               3               1
transaction     180:               3               1
transaction     181:               3               1
transaction     182:               3               1
transaction     183:               3               1
transaction     184:               3               1
transaction     185:               3               1
transaction     186:               3               1
transaction     187:               3               1
transaction     188:               3               1
transaction     189:               3               1
transaction     190:               3               1
transaction     191:               3               1
transaction     192:               3               1
transaction     193:               3               1
transaction     194:               3               1
transaction     195:               3               1
transaction     196:               3               1
transaction     197:               3               1
transaction     198:               3               1
transaction     199:               3               1
transaction     200:               3               1
transaction     201:               3               1
transaction     202:               3               1
transaction     203:               3               1
transaction     204:               3               1
transaction     205:               3               1
transaction     206:               3               1
transaction     207:               3               1
transaction     208:               3               1
transaction     209:               3               1
transaction     210:               3               1
transaction     211:               3               1
transaction     212:               3               1
transaction     213:               3               1
transaction     214:               3               1
transaction     215:               3               1
transaction     216:               3               1
transaction     217:               3               1
transaction     218:               3               1
transaction     219:               3               1
transaction     220:               3               1
transaction     221:               3               1
transaction     222:               3               1
transaction     223:               3               1
transaction     224:               3               1
transaction     225:               3               1
transaction     226:               3               1
transaction     227:               3               1
transaction     228:               3               1
transaction     229:               3               1
transaction     230:               3               1
transaction     231:               3               1
transaction     232:               3               1
transaction     233:               3               1
transaction     234:               3               1
transaction     235:               3               1
transaction     236:               3               1
transaction     237:               3               1
transaction     238:               3               1
transaction     239:               3               1
transaction     240:               3               1
transaction     241:               3               1
transaction     242:               3               1
transaction     243:               3               1
transaction     244:               3               1
transaction     245:               3               1
transaction     246:               3               1
transaction     247:               3               1
transaction     248:               3               1
transaction     249:               3               1
transaction     250:               3               1
transaction     251:               3               1
transaction     252:               3               1
transaction     253:               3               1
transaction     254:               3               1
transaction     255:               3               1
transaction     256:               3               1
transaction     257:               3               1
transaction     258:               3               1
transaction     259:               3               1
transaction     260:               3               1
transaction     261:               3               1
transaction     262:               3               1
transaction     263:               3               1
transaction     264:               3               1
transaction     265:               3               1
transaction     266:               3               1
transaction     267:               3               1
transaction     268:               3               1
transaction     269:               3               1
transaction     270:               3               1
transaction     271:               3               1
transaction     272:               3               1
transaction     273:               3               1
transaction     274:               3               1
transaction     275:               3               1
transaction     276:               3               1
transaction     277:               3               1
transaction     278:               3               1
transaction     279:               3               1
transaction     280:               3               1
transaction     281:               3               1
transaction     282:               3               1
transaction     283:               3               1
transaction     284:               3               1
transaction     285:               3               1
transaction     286:               3               1
transaction     287:               3               1
transaction     288:               3               1
transaction     289:               3               1
transaction     290:               3               1
transaction     291:               3               1
transaction     292:               3               1
transaction     293:               3               1
transaction     294:               3               1
transaction     295:               3               1
transaction     296:               3               1
transaction     297:               3               1
transaction     298:               3               1
transaction     299:               3               x
