

================================================================
== Vitis HLS Report for 'exchangeFivetuple'
================================================================
* Date:           Mon Jun 26 23:22:28 2023

* Version:        2022.2 (Build 3670227 on Oct 13 2022)
* Project:        exchangeFivetuple
* Solution:       solution1 (Vivado IP Flow Target)
* Product family: virtexuplus
* Target device:  xcu280-fsvh2892-2L-e


================================================================
== Performance Estimates
================================================================
+ Timing: 
    * Summary: 
    +--------+---------+----------+------------+
    |  Clock |  Target | Estimated| Uncertainty|
    +--------+---------+----------+------------+
    |ap_clk  |  4.00 ns|      0 ns|     1.08 ns|
    +--------+---------+----------+------------+

+ Latency: 
    * Summary: 
    +---------+---------+----------+----------+-----+-----+---------+
    |  Latency (cycles) |  Latency (absolute) |  Interval | Pipeline|
    |   min   |   max   |    min   |    max   | min | max |   Type  |
    +---------+---------+----------+----------+-----+-----+---------+
    |        ?|        ?|         ?|         ?|    ?|    ?|       no|
    +---------+---------+----------+----------+-----+-----+---------+

    + Detail: 
        * Instance: 
        N/A

        * Loop: 
        +------------------+---------+---------+----------+-----------+-----------+------+----------+
        |                  |  Latency (cycles) | Iteration|  Initiation Interval  | Trip |          |
        |     Loop Name    |   min   |   max   |  Latency |  achieved |   target  | Count| Pipelined|
        +------------------+---------+---------+----------+-----------+-----------+------+----------+
        |- VITIS_LOOP_7_1  |        ?|        ?|         2|          1|          1|   inf|       yes|
        +------------------+---------+---------+----------+-----------+-----------+------+----------+



================================================================
== Utilization Estimates
================================================================
* Summary: 
+---------------------+---------+------+---------+---------+-----+
|         Name        | BRAM_18K|  DSP |    FF   |   LUT   | URAM|
+---------------------+---------+------+---------+---------+-----+
|DSP                  |        -|     -|        -|        -|    -|
|Expression           |        -|     -|        0|        6|    -|
|FIFO                 |        -|     -|        -|        -|    -|
|Instance             |        -|     -|        -|        -|    -|
|Memory               |        -|     -|        -|        -|    -|
|Multiplexer          |        -|     -|        -|       41|    -|
|Register             |        -|     -|        4|        -|    -|
+---------------------+---------+------+---------+---------+-----+
|Total                |        0|     0|        4|       47|    0|
+---------------------+---------+------+---------+---------+-----+
|Available SLR        |     1344|  3008|   869120|   434560|  320|
+---------------------+---------+------+---------+---------+-----+
|Utilization SLR (%)  |        0|     0|       ~0|       ~0|    0|
+---------------------+---------+------+---------+---------+-----+
|Available            |     4032|  9024|  2607360|  1303680|  960|
+---------------------+---------+------+---------+---------+-----+
|Utilization (%)      |        0|     0|       ~0|       ~0|    0|
+---------------------+---------+------+---------+---------+-----+

+ Detail: 
    * Instance: 
    N/A

    * DSP: 
    N/A

    * Memory: 
    N/A

    * FIFO: 
    N/A

    * Expression: 
    +----------------------------------+----------+----+---+----+------------+------------+
    |           Variable Name          | Operation| DSP| FF| LUT| Bitwidth P0| Bitwidth P1|
    +----------------------------------+----------+----+---+----+------------+------------+
    |ap_block_pp0_stage0_01001         |        or|   0|  0|   2|           1|           1|
    |ap_block_state2_pp0_stage0_iter0  |        or|   0|  0|   2|           1|           1|
    |ap_enable_pp0                     |       xor|   0|  0|   2|           1|           2|
    +----------------------------------+----------+----+---+----+------------+------------+
    |Total                             |          |   0|  0|   6|           3|           4|
    +----------------------------------+----------+----+---+----+------------+------------+

    * Multiplexer: 
    +-----------------------------+----+-----------+-----+-----------+
    |             Name            | LUT| Input Size| Bits| Total Bits|
    +-----------------------------+----+-----------+-----+-----------+
    |ap_NS_fsm                    |  14|          3|    1|          3|
    |ap_enable_reg_pp0_iter1      |   9|          2|    1|          2|
    |user_extern_in_TDATA_blk_n   |   9|          2|    1|          2|
    |user_extern_out_TDATA_blk_n  |   9|          2|    1|          2|
    +-----------------------------+----+-----------+-----+-----------+
    |Total                        |  41|          9|    4|          9|
    +-----------------------------+----+-----------+-----+-----------+

    * Register: 
    +-------------------------+---+----+-----+-----------+
    |           Name          | FF| LUT| Bits| Const Bits|
    +-------------------------+---+----+-----+-----------+
    |ap_CS_fsm                |  2|   0|    2|          0|
    |ap_enable_reg_pp0_iter0  |  1|   0|    1|          0|
    |ap_enable_reg_pp0_iter1  |  1|   0|    1|          0|
    +-------------------------+---+----+-----+-----------+
    |Total                    |  4|   0|    4|          0|
    +-------------------------+---+----+-----+-----------+



================================================================
== Interface
================================================================
* Summary: 
+------------------------+-----+-----+------------+-------------------+--------------+
|        RTL Ports       | Dir | Bits|  Protocol  |   Source Object   |    C Type    |
+------------------------+-----+-----+------------+-------------------+--------------+
|ap_clk                  |   in|    1|  ap_ctrl_hs|  exchangeFivetuple|  return value|
|ap_rst_n                |   in|    1|  ap_ctrl_hs|  exchangeFivetuple|  return value|
|ap_start                |   in|    1|  ap_ctrl_hs|  exchangeFivetuple|  return value|
|ap_done                 |  out|    1|  ap_ctrl_hs|  exchangeFivetuple|  return value|
|ap_idle                 |  out|    1|  ap_ctrl_hs|  exchangeFivetuple|  return value|
|ap_ready                |  out|    1|  ap_ctrl_hs|  exchangeFivetuple|  return value|
|user_extern_in_TDATA    |   in|  128|        axis|     user_extern_in|       pointer|
|user_extern_in_TVALID   |   in|    1|        axis|     user_extern_in|       pointer|
|user_extern_in_TREADY   |  out|    1|        axis|     user_extern_in|       pointer|
|user_extern_out_TDATA   |  out|  128|        axis|    user_extern_out|       pointer|
|user_extern_out_TVALID  |  out|    1|        axis|    user_extern_out|       pointer|
|user_extern_out_TREADY  |   in|    1|        axis|    user_extern_out|       pointer|
+------------------------+-----+-----+------------+-------------------+--------------+

